<?xml version="1.0" encoding="UTF-8"?>
<!-- Generated by org.testng.reporters.JUnitReportReporter -->
<testsuite hostname="DESKTOP-T3AL1TR" failures="0" tests="1" name="TestCases" time="4.876" errors="0" timestamp="2024-07-25T11:31:42 EET" skipped="0">
  <testcase classname="TestCases" name="chalets" time="4.876"/>
  <system-out/>
</testsuite> <!-- TestCases -->
